C:\Program Files (x86)\Microsoft Visual Studio\2019\Community\MSBuild\Microsoft\VC\v160\Microsoft.CppBuild.targets(499,5): warning MSB8004: El directorio Output no termina con una barra diagonal final. Esta instancia de compilación agregará la barra diagonal porque es necesaria para que se pueda evaluar correctamente el directorio Output.
  Player.cpp
C:\Users\Usuari\Downloads\Pendents\EternalLoyalty-main\Game\Source\Player.cpp(108,21): warning C4305: '+=': truncamiento de 'double' a 'float32'
C:\Users\Usuari\Downloads\Pendents\EternalLoyalty-main\Game\Source\Player.cpp(114,22): warning C4244: '=': conversión de 'double' a 'float32'; posible pérdida de datos
C:\Users\Usuari\Downloads\Pendents\EternalLoyalty-main\Game\Source\Player.cpp(116,24): warning C4244: '=': conversión de 'double' a 'float32'; posible pérdida de datos
C:\Users\Usuari\Downloads\Pendents\EternalLoyalty-main\Game\Source\Player.cpp(127,21): warning C4244: '=': conversión de 'double' a 'float32'; posible pérdida de datos
C:\Users\Usuari\Downloads\Pendents\EternalLoyalty-main\Game\Source\Player.cpp(129,24): warning C4244: '=': conversión de 'double' a 'float32'; posible pérdida de datos
C:\Users\Usuari\Downloads\Pendents\EternalLoyalty-main\Game\Source\Player.cpp(152,17): warning C4244: 'inicializando': conversión de 'double' a 'float'; posible pérdida de datos
C:\Users\Usuari\Downloads\Pendents\EternalLoyalty-main\Game\Source\Player.cpp(163,23): warning C4244: '=': conversión de 'double' a 'float32'; posible pérdida de datos
C:\Users\Usuari\Downloads\Pendents\EternalLoyalty-main\Game\Source\Player.cpp(167,22): warning C4244: '=': conversión de 'double' a 'float32'; posible pérdida de datos
C:\Users\Usuari\Downloads\Pendents\EternalLoyalty-main\Game\Source\Player.cpp(269,27): warning C4244: '+=': conversión de 'double' a 'TYPE'; posible pérdida de datos
          with
          [
              TYPE=int
          ]
C:\Users\Usuari\Downloads\Pendents\EternalLoyalty-main\Game\Source\Player.cpp(272,26): warning C4244: '+=': conversión de 'double' a 'TYPE'; posible pérdida de datos
          with
          [
              TYPE=int
          ]
C:\Users\Usuari\Downloads\Pendents\EternalLoyalty-main\Game\Source\Player.cpp(275,27): warning C4244: '+=': conversión de 'double' a 'TYPE'; posible pérdida de datos
          with
          [
              TYPE=int
          ]
C:\Users\Usuari\Downloads\Pendents\EternalLoyalty-main\Game\Source\Player.cpp(278,26): warning C4244: '+=': conversión de 'double' a 'TYPE'; posible pérdida de datos
          with
          [
              TYPE=int
          ]
C:\Users\Usuari\Downloads\Pendents\EternalLoyalty-main\Game\Source\Player.cpp(281,17): warning C4018: '>': no coinciden signed/unsigned
  Game.vcxproj -> C:\Users\Usuari\Downloads\Pendents\EternalLoyalty-main\Build\Debug\Game.exe
          1 archivo(s) copiado(s).
